<?xml version="1.0" encoding="UTF-8"?>
<!-- Generated by org.testng.reporters.JUnitReportReporter -->
<testsuite hostname="SeenaReddy" failures="0" tests="2" name="ruuner.RunTestNGTest" time="24.078" errors="0" timestamp="2023-02-28T19:20:00 CST" skipped="0">
  <testcase classname="ruuner.RunTestNGTest" name="runScenario" time="12.983"/>
  <system-out/>
  <testcase classname="ruuner.RunTestNGTest" name="runScenario" time="11.095"/>
  <system-out/>
</testsuite> <!-- ruuner.RunTestNGTest -->
